<?xml version="1.0" encoding="UTF-8"?>
<!-- Generated by org.testng.reporters.JUnitXMLReporter -->
<testsuite ignored="0" hostname="DESKTOP-BLN003A" failures="0" tests="8" name="Free CRM App Test Cases" time="26.681" errors="0" timestamp="03 May 2023 11:21:53 GMT">
  <testcase classname="com.flip.qa.testcases.HomePageTest" name="@BeforeClass setUp" time="26.474">
    <failure type="org.openqa.selenium.WebDriverException" message="unknown error: net::ERR_INTERNET_DISCONNECTED
  (Session info: chrome=112.0.5615.138)
Build info: version: &amp;apos;3.14.0&amp;apos;, revision: &amp;apos;aacccce0&amp;apos;, time: &amp;apos;2018-08-02T20:19:58.91Z&amp;apos;
System info: host: &amp;apos;DESKTOP-BLN003A&amp;apos;, ip: &amp;apos;127.0.0.1&amp;apos;, os.name: &amp;apos;Windows 10&amp;apos;, os.arch: &amp;apos;amd64&amp;apos;, os.version: &amp;apos;10.0&amp;apos;, java.version: &amp;apos;17.0.3&amp;apos;
Driver info: org.openqa.selenium.chrome.ChromeDriver
Capabilities {acceptInsecureCerts: false, browserName: chrome, browserVersion: 112.0.5615.138, chrome: {chromedriverVersion: 111.0.5563.64 (c710e93d5b63..., userDataDir: C:\Program Files (x86)\scop...}, goog:chromeOptions: {debuggerAddress: localhost:64843}, javascriptEnabled: true, networkConnectionEnabled: false, pageLoadStrategy: normal, platform: WINDOWS, platformName: WINDOWS, proxy: Proxy(), setWindowRect: true, strictFileInteractability: false, timeouts: {implicit: 0, pageLoad: 300000, script: 30000}, unhandledPromptBehavior: dismiss and notify, webauthn:extension:credBlob: true, webauthn:extension:largeBlob: true, webauthn:extension:minPinLength: true, webauthn:extension:prf: true, webauthn:virtualAuthenticators: true}
Session ID: ad1f54778cab5348101396b44132c106">
      <![CDATA[org.openqa.selenium.WebDriverException: unknown error: net::ERR_INTERNET_DISCONNECTED
  (Session info: chrome=112.0.5615.138)
Build info: version: '3.14.0', revision: 'aacccce0', time: '2018-08-02T20:19:58.91Z'
System info: host: 'DESKTOP-BLN003A', ip: '127.0.0.1', os.name: 'Windows 10', os.arch: 'amd64', os.version: '10.0', java.version: '17.0.3'
Driver info: org.openqa.selenium.chrome.ChromeDriver
Capabilities {acceptInsecureCerts: false, browserName: chrome, browserVersion: 112.0.5615.138, chrome: {chromedriverVersion: 111.0.5563.64 (c710e93d5b63..., userDataDir: C:\Program Files (x86)\scop...}, goog:chromeOptions: {debuggerAddress: localhost:64843}, javascriptEnabled: true, networkConnectionEnabled: false, pageLoadStrategy: normal, platform: WINDOWS, platformName: WINDOWS, proxy: Proxy(), setWindowRect: true, strictFileInteractability: false, timeouts: {implicit: 0, pageLoad: 300000, script: 30000}, unhandledPromptBehavior: dismiss and notify, webauthn:extension:credBlob: true, webauthn:extension:largeBlob: true, webauthn:extension:minPinLength: true, webauthn:extension:prf: true, webauthn:virtualAuthenticators: true}
Session ID: ad1f54778cab5348101396b44132c106
	at org.openqa.selenium.remote.http.W3CHttpResponseCodec.createException(W3CHttpResponseCodec.java:187)
	at org.openqa.selenium.remote.http.W3CHttpResponseCodec.decode(W3CHttpResponseCodec.java:122)
	at org.openqa.selenium.remote.http.W3CHttpResponseCodec.decode(W3CHttpResponseCodec.java:49)
	at org.openqa.selenium.remote.HttpCommandExecutor.execute(HttpCommandExecutor.java:158)
	at org.openqa.selenium.remote.service.DriverCommandExecutor.execute(DriverCommandExecutor.java:83)
	at org.openqa.selenium.remote.RemoteWebDriver.execute(RemoteWebDriver.java:548)
	at org.openqa.selenium.remote.RemoteWebDriver.get(RemoteWebDriver.java:276)
	at org.openqa.selenium.support.events.EventFiringWebDriver.lambda$new$1(EventFiringWebDriver.java:105)
	at jdk.proxy2/jdk.proxy2.$Proxy10.get(Unknown Source)
	at org.openqa.selenium.support.events.EventFiringWebDriver.get(EventFiringWebDriver.java:165)
	at com.flip.qa.base.TestBase.initialization(TestBase.java:72)
	at com.flip.qa.testcases.HomePageTest.setUp(HomePageTest.java:37)
... Removed 34 stack frames]]>
    </failure>
  </testcase> <!-- @BeforeClass setUp -->
  <testcase classname="com.flip.qa.testcases.HomePageTest" name="@AfterClass tearDown" time="0.0">
    <skipped/>
  </testcase> <!-- @AfterClass tearDown -->
  <testcase classname="com.flip.qa.testcases.HomePageTest" name="Cancel_Logon_Form" time="0.0">
    <skipped/>
  </testcase> <!-- Cancel_Logon_Form -->
  <testcase classname="com.flip.qa.testcases.HomePageTest" name="search_for_product" time="0.0">
    <skipped/>
  </testcase> <!-- search_for_product -->
  <testcase classname="com.flip.qa.testcases.HomePageTest" name="search_result" time="0.0">
    <skipped/>
  </testcase> <!-- search_result -->
  <testcase classname="com.flip.qa.testcases.HomePageTest" name="sort_product" time="0.0">
    <skipped/>
  </testcase> <!-- sort_product -->
  <testcase classname="com.flip.qa.testcases.HomePageTest" name="validate_product_ascending_order" time="0.0">
    <skipped/>
  </testcase> <!-- validate_product_ascending_order -->
  <testcase classname="com.flip.qa.testcases.HomePageTest" name="testAddToCartSecondProduct" time="0.0">
    <skipped/>
  </testcase> <!-- testAddToCartSecondProduct -->
  <testcase classname="com.flip.qa.testcases.HomePageTest" name="testAddToCartThirdProduct" time="0.0">
    <skipped/>
  </testcase> <!-- testAddToCartThirdProduct -->
  <testcase classname="com.flip.qa.testcases.HomePageTest" name="productvalidate" time="0.0">
    <skipped/>
  </testcase> <!-- productvalidate -->
</testsuite> <!-- Free CRM App Test Cases -->
